#
# A fatal error has been detected by the Java Runtime Environment:
#
# java.lang.OutOfMemoryError: requested 806968 bytes for GrET in C:\BUILD_AREA\jdk6_18\hotspot\src\share\vm\utilities\growableArray.cpp. Out of swap space?
#
#  Internal Error (allocation.inline.hpp:39), pid=7764, tid=9492
#  Error: GrET in C:\BUILD_AREA\jdk6_18\hotspot\src\share\vm\utilities\growableArray.cpp
#
# JRE version: 6.0_18-b07
# Java VM: Java HotSpot(TM) Client VM (16.0-b13 mixed mode windows-x86 )
# If you would like to submit a bug report, please visit:
#   http://java.sun.com/webapps/bugreport/crash.jsp
#

---------------  T H R E A D  ---------------

Current thread (0x02526c00):  VMThread [stack: 0x00430000,0x00480000] [id=9492]

Stack: [0x00430000,0x00480000],  sp=0x0047f960,  free space=13e0047f970k
Native frames: (J=compiled Java code, j=interpreted, Vv=VM code, C=native code)
V  [jvm.dll+0x1f4000]
V  [jvm.dll+0xa1e0c]
V  [jvm.dll+0xcfe77]
V  [jvm.dll+0xc9f65]
V  [jvm.dll+0xce42a]
V  [jvm.dll+0x1d8592]
V  [jvm.dll+0xc9398]
V  [jvm.dll+0xc9791]
V  [jvm.dll+0x1f4544]
V  [jvm.dll+0x1f6ed3]
V  [jvm.dll+0x1f615e]
V  [jvm.dll+0x1f64ac]
V  [jvm.dll+0x1f68d2]
V  [jvm.dll+0x17f9cc]
C  [msvcr71.dll+0x9565]
C  [kernel32.dll+0x13677]
C  [ntdll.dll+0x39d72]
C  [ntdll.dll+0x39d45]

VM_Operation (0x6958ea34): GenCollectForPermanentAllocation, mode: safepoint, requested by thread 0x67e8c800


---------------  P R O C E S S  ---------------

Java Threads: ( => current thread )
  0x76b68000 JavaThread "Thread-176" daemon [_thread_blocked, id=10424, stack(0x72ff0000,0x73040000)]
  0x76b67c00 JavaThread "Timer-21" daemon [_thread_blocked, id=1736, stack(0x72d20000,0x72d70000)]
  0x7abbd800 JavaThread "Keep-Alive-Timer" daemon [_thread_blocked, id=2976, stack(0x675b0000,0x67600000)]
  0x76b67400 JavaThread "Thread-174" daemon [_thread_blocked, id=4472, stack(0x6d5b0000,0x6d600000)]
  0x76b67000 JavaThread "9485565@qtp-28890241-17" [_thread_blocked, id=11216, stack(0x73090000,0x730e0000)]
  0x76b65c00 JavaThread "15155373@qtp-28890241-13" [_thread_blocked, id=2796, stack(0x72ef0000,0x72f40000)]
  0x76b65800 JavaThread "6661195@qtp-28890241-12" [_thread_blocked, id=10548, stack(0x72db0000,0x72e00000)]
  0x7c95c800 JavaThread "Thread-165" daemon [_thread_blocked, id=6980, stack(0x72830000,0x72880000)]
  0x7c95e000 JavaThread "Thread-164" daemon [_thread_blocked, id=4736, stack(0x71770000,0x717c0000)]
  0x7c95d400 JavaThread "Thread-163" daemon [_thread_blocked, id=10784, stack(0x716e0000,0x71730000)]
  0x7abc0400 JavaThread "Thread-162" daemon [_thread_blocked, id=7016, stack(0x71650000,0x716a0000)]
  0x7abbf000 JavaThread "Thread-159" daemon [_thread_blocked, id=10296, stack(0x6d400000,0x6d450000)]
  0x7abbe000 JavaThread "Thread-157" daemon [_thread_blocked, id=7772, stack(0x71530000,0x71580000)]
  0x7abbcc00 JavaThread "Thread-155" daemon [_thread_blocked, id=10680, stack(0x71380000,0x713d0000)]
  0x7b636800 JavaThread "Thread-154" daemon [_thread_blocked, id=9276, stack(0x712f0000,0x71340000)]
  0x7c95d800 JavaThread "Thread-151" daemon [_thread_blocked, id=6660, stack(0x6c740000,0x6c790000)]
  0x7c95b400 JavaThread "Thread-145" daemon [_thread_blocked, id=2768, stack(0x6d640000,0x6d690000)]
  0x7c95c000 JavaThread "Thread-144" daemon [_thread_blocked, id=10016, stack(0x6d7c0000,0x6d810000)]
  0x7c95bc00 JavaThread "Thread-143" daemon [_thread_blocked, id=6504, stack(0x6d730000,0x6d780000)]
  0x7c95a800 JavaThread "Thread-139" daemon [_thread_blocked, id=5336, stack(0x6cd70000,0x6cdc0000)]
  0x7b638000 JavaThread "Thread-137" daemon [_thread_blocked, id=8864, stack(0x6d490000,0x6d4e0000)]
  0x7b638400 JavaThread "Thread-135" daemon [_thread_blocked, id=8752, stack(0x6d520000,0x6d570000)]
  0x7b636c00 JavaThread "Thread-131" daemon [_thread_blocked, id=3916, stack(0x6c6b0000,0x6c700000)]
  0x7b635400 JavaThread "Thread-129" daemon [_thread_blocked, id=5004, stack(0x6cfb0000,0x6d000000)]
  0x7b636000 JavaThread "Thread-128" daemon [_thread_blocked, id=2704, stack(0x6d350000,0x6d3a0000)]
  0x7b635c00 JavaThread "Thread-127" daemon [_thread_blocked, id=9764, stack(0x6d280000,0x6d2d0000)]
  0x792c5000 JavaThread "Thread-123" daemon [_thread_blocked, id=2296, stack(0x6c120000,0x6c170000)]
  0x792c6800 JavaThread "Thread-121" daemon [_thread_blocked, id=10080, stack(0x6d160000,0x6d1b0000)]
  0x792c6c00 JavaThread "Thread-119" daemon [_thread_blocked, id=10164, stack(0x6c980000,0x6c9d0000)]
  0x792c5400 JavaThread "Thread-115" daemon [_thread_blocked, id=9544, stack(0x695d0000,0x69620000)]
  0x6e091000 JavaThread "Thread-111" daemon [_thread_blocked, id=5360, stack(0x6ce00000,0x6ce50000)]
  0x792c4400 JavaThread "Thread-110" daemon [_thread_blocked, id=9064, stack(0x6cf20000,0x6cf70000)]
  0x792c3c00 JavaThread "Thread-109" daemon [_thread_blocked, id=3636, stack(0x6ce90000,0x6cee0000)]
  0x74684c00 JavaThread "Thread-105" daemon [_thread_blocked, id=1876, stack(0x6cbc0000,0x6cc10000)]
  0x74683000 JavaThread "Thread-103" daemon [_thread_blocked, id=2980, stack(0x6cc50000,0x6cca0000)]
  0x74683400 JavaThread "Thread-101" daemon [_thread_blocked, id=10064, stack(0x6cce0000,0x6cd30000)]
  0x74681800 JavaThread "Thread-97" daemon [_thread_blocked, id=2008, stack(0x6c7d0000,0x6c820000)]
  0x73dbf000 JavaThread "Thread-95" daemon [_thread_blocked, id=1860, stack(0x6ca10000,0x6ca60000)]
  0x7079c400 JavaThread "Thread-94" daemon [_thread_blocked, id=4292, stack(0x6cb30000,0x6cb80000)]
  0x7079d400 JavaThread "Thread-93" daemon [_thread_blocked, id=2872, stack(0x6caa0000,0x6caf0000)]
  0x73dbe400 JavaThread "Thread-89" daemon [_thread_blocked, id=8008, stack(0x6c1b0000,0x6c200000)]
  0x73dbb800 JavaThread "Thread-87" daemon [_thread_blocked, id=9956, stack(0x6c860000,0x6c8b0000)]
  0x73dbc000 JavaThread "Thread-85" daemon [_thread_blocked, id=6496, stack(0x6c8f0000,0x6c940000)]
  0x6e092000 JavaThread "Thread-81" daemon [_thread_blocked, id=10000, stack(0x6bdc0000,0x6be10000)]
  0x6e093800 JavaThread "Thread-79" daemon [_thread_blocked, id=9568, stack(0x6c4f0000,0x6c540000)]
  0x6e094000 JavaThread "Thread-77" daemon [_thread_blocked, id=9148, stack(0x6c620000,0x6c670000)]
  0x6e092c00 JavaThread "Thread-73" daemon [_thread_blocked, id=5152, stack(0x6bca0000,0x6bcf0000)]
  0x7079dc00 JavaThread "Thread-71" daemon [_thread_blocked, id=6320, stack(0x6c360000,0x6c3b0000)]
  0x7079e000 JavaThread "Thread-69" daemon [_thread_blocked, id=3224, stack(0x6c3f0000,0x6c440000)]
  0x7079c800 JavaThread "Thread-65" daemon [_thread_blocked, id=9720, stack(0x69390000,0x693e0000)]
  0x6e1c0000 JavaThread "Thread-62" daemon [_thread_blocked, id=8684, stack(0x6bf70000,0x6bfc0000)]
  0x7079bc00 JavaThread "Thread-61" daemon [_thread_blocked, id=1776, stack(0x6c2d0000,0x6c320000)]
  0x7079b800 JavaThread "Thread-60" daemon [_thread_blocked, id=7396, stack(0x6c240000,0x6c290000)]
  0x6e1c0800 JavaThread "Thread-56" daemon [_thread_blocked, id=2056, stack(0x6bd30000,0x6bd80000)]
  0x67e8d400 JavaThread "Thread-54" daemon [_thread_blocked, id=8272, stack(0x6c000000,0x6c050000)]
  0x6e1c0c00 JavaThread "Thread-52" daemon [_thread_blocked, id=8360, stack(0x6c090000,0x6c0e0000)]
  0x6e1bf000 JavaThread "Thread-48" daemon [_thread_blocked, id=9164, stack(0x69660000,0x696b0000)]
  0x677f6000 JavaThread "Thread-44" daemon [_thread_blocked, id=6616, stack(0x6a970000,0x6a9c0000)]
  0x6e1bd800 JavaThread "Thread-43" daemon [_thread_blocked, id=8876, stack(0x6bee0000,0x6bf30000)]
  0x67e8f800 JavaThread "Thread-42" daemon [_thread_blocked, id=9572, stack(0x6be50000,0x6bea0000)]
  0x677f4800 JavaThread "Thread-38" daemon [_thread_blocked, id=4284, stack(0x696f0000,0x69740000)]
  0x677f4c00 JavaThread "Thread-36" daemon [_thread_blocked, id=2812, stack(0x6bb80000,0x6bbd0000)]
  0x677f5400 JavaThread "Thread-34" daemon [_thread_blocked, id=6444, stack(0x6bc10000,0x6bc60000)]
  0x67e8e800 JavaThread "Thread-30" daemon [_thread_blocked, id=2756, stack(0x69270000,0x692c0000)]
  0x677f3000 JavaThread "Thread-28" daemon [_thread_blocked, id=2216, stack(0x6aa00000,0x6aa50000)]
  0x677f3c00 JavaThread "Thread-27" daemon [_thread_blocked, id=10140, stack(0x6baf0000,0x6bb40000)]
  0x677f3400 JavaThread "Thread-26" daemon [_thread_blocked, id=5200, stack(0x6aa90000,0x6aae0000)]
  0x67e8e000 JavaThread "Thread-22" daemon [_thread_blocked, id=3028, stack(0x69150000,0x691a0000)]
  0x67e8ec00 JavaThread "Thread-20" daemon [_thread_blocked, id=6456, stack(0x6a850000,0x6a8a0000)]
  0x67e8f400 JavaThread "Thread-18" daemon [_thread_blocked, id=9444, stack(0x6a8e0000,0x6a930000)]
  0x67e8dc00 JavaThread "Thread-14" daemon [_thread_blocked, id=7912, stack(0x680f0000,0x68140000)]
  0x67e8c800 JavaThread "Timer-1" daemon [_thread_blocked, id=1924, stack(0x69540000,0x69590000)]
  0x67e8d000 JavaThread "Thread-11" daemon [_thread_blocked, id=8444, stack(0x69420000,0x69470000)]
  0x67e8c400 JavaThread "Thread-10" daemon [_thread_blocked, id=9412, stack(0x677a0000,0x677f0000)]
  0x677fb000 JavaThread "Thread-9" daemon [_thread_blocked, id=5668, stack(0x694b0000,0x69500000)]
  0x68dc4800 JavaThread "GC Daemon" daemon [_thread_blocked, id=10188, stack(0x69300000,0x69350000)]
  0x68bef400 JavaThread "Thread-5" daemon [_thread_blocked, id=3784, stack(0x691e0000,0x69230000)]
  0x679df000 JavaThread "3720195@qtp-28890241-1 - Acceptor0 SelectChannelConnector@0.0.0.0:9999" [_thread_in_native, id=9440, stack(0x67710000,0x67760000)]
  0x02565c00 JavaThread "Low Memory Detector" daemon [_thread_blocked, id=2800, stack(0x66b60000,0x66bb0000)]
  0x0255d000 JavaThread "CompilerThread0" daemon [_thread_blocked, id=8216, stack(0x66ad0000,0x66b20000)]
  0x0255c000 JavaThread "Attach Listener" daemon [_thread_blocked, id=9536, stack(0x66a40000,0x66a90000)]
  0x02559000 JavaThread "Signal Dispatcher" daemon [_thread_blocked, id=9912, stack(0x669b0000,0x66a00000)]
  0x0252e000 JavaThread "Finalizer" daemon [_thread_blocked, id=5744, stack(0x66920000,0x66970000)]
  0x02529400 JavaThread "Reference Handler" daemon [_thread_blocked, id=1880, stack(0x004c0000,0x00510000)]
  0x00519c00 JavaThread "main" [_thread_blocked, id=7700, stack(0x00200000,0x00250000)]

Other Threads:
=>0x02526c00 VMThread [stack: 0x00430000,0x00480000] [id=9492]
  0x02577c00 WatcherThread [stack: 0x66bf0000,0x66c40000] [id=9524]

VM state:at safepoint (normal execution)

VM Mutex/Monitor currently owned by a thread:  ([mutex/lock_event])
[0x00517e60] Threads_lock - owner thread: 0x02526c00
[0x00518270] Heap_lock - owner thread: 0x67e8c800
[0x005184e0] MultiArray_lock - owner thread: 0x67e8c800
[0x00518680] Compile_lock - owner thread: 0x67e8c800

Heap
 def new generation   total 177024K, used 26965K [0x045a0000, 0x105b0000, 0x19af0000)
  eden space 157376K,  13% used [0x045a0000, 0x059fb9a8, 0x0df50000)
  from space 19648K,  31% used [0x0f280000, 0x0f879d10, 0x105b0000)
  to   space 19648K,   0% used [0x0df50000, 0x0df50000, 0x0f280000)
 tenured generation   total 393216K, used 166698K [0x19af0000, 0x31af0000, 0x445a0000)
   the space 393216K,  42% used [0x19af0000, 0x23dbaac8, 0x23dbac00, 0x31af0000)
 compacting perm gen  total 360704K, used 360703K [0x445a0000, 0x5a5e0000, 0x645a0000)
   the space 360704K,  99% used [0x445a0000, 0x5a5dffd0, 0x5a5e0000, 0x5a5e0000)
No shared spaces configured.

Dynamic libraries:
0x00400000 - 0x00424000 	C:\Program Files (x86)\Java\jdk1.6\bin\java.exe
0x77cc0000 - 0x77e40000 	C:\Windows\SysWOW64\ntdll.dll
0x77400000 - 0x77500000 	C:\Windows\syswow64\kernel32.dll
0x77590000 - 0x775d6000 	C:\Windows\syswow64\KERNELBASE.dll
0x763f0000 - 0x76490000 	C:\Windows\syswow64\ADVAPI32.dll
0x75bd0000 - 0x75c7c000 	C:\Windows\syswow64\msvcrt.dll
0x75f40000 - 0x75f59000 	C:\Windows\SysWOW64\sechost.dll
0x75900000 - 0x759f0000 	C:\Windows\syswow64\RPCRT4.dll
0x75870000 - 0x758d0000 	C:\Windows\syswow64\SspiCli.dll
0x75860000 - 0x7586c000 	C:\Windows\syswow64\CRYPTBASE.dll
0x7c340000 - 0x7c396000 	C:\Program Files (x86)\Java\jdk1.6\jre\bin\msvcr71.dll
0x6d8b0000 - 0x6db47000 	C:\Program Files (x86)\Java\jdk1.6\jre\bin\client\jvm.dll
0x760b0000 - 0x761b0000 	C:\Windows\syswow64\USER32.dll
0x770a0000 - 0x77130000 	C:\Windows\syswow64\GDI32.dll
0x75bc0000 - 0x75bca000 	C:\Windows\syswow64\LPK.dll
0x76320000 - 0x763bd000 	C:\Windows\syswow64\USP10.dll
0x75340000 - 0x75372000 	C:\Windows\system32\WINMM.dll
0x75f60000 - 0x75fc0000 	C:\Windows\system32\IMM32.DLL
0x76250000 - 0x7631c000 	C:\Windows\syswow64\MSCTF.dll
0x717d0000 - 0x7181b000 	C:\Windows\system32\apphelp.dll
0x6d860000 - 0x6d86c000 	C:\Program Files (x86)\Java\jdk1.6\jre\bin\verify.dll
0x6d3e0000 - 0x6d3ff000 	C:\Program Files (x86)\Java\jdk1.6\jre\bin\java.dll
0x6d340000 - 0x6d348000 	C:\Program Files (x86)\Java\jdk1.6\jre\bin\hpi.dll
0x77c90000 - 0x77c95000 	C:\Windows\syswow64\PSAPI.DLL
0x6d8a0000 - 0x6d8af000 	C:\Program Files (x86)\Java\jdk1.6\jre\bin\zip.dll
0x6d6c0000 - 0x6d6d3000 	C:\Program Files (x86)\Java\jdk1.6\jre\bin\net.dll
0x75f00000 - 0x75f35000 	C:\Windows\syswow64\WS2_32.dll
0x75fc0000 - 0x75fc6000 	C:\Windows\syswow64\NSI.dll
0x755e0000 - 0x7561c000 	C:\Windows\system32\mswsock.dll
0x6c5d0000 - 0x6c5d6000 	C:\Windows\System32\wship6.dll
0x6d6e0000 - 0x6d6e9000 	C:\Program Files (x86)\Java\jdk1.6\jre\bin\nio.dll
0x75690000 - 0x756a6000 	C:\Windows\system32\CRYPTSP.dll
0x75650000 - 0x7568b000 	C:\Windows\system32\rsaenh.dll
0x72ed0000 - 0x72ee7000 	C:\Windows\system32\USERENV.dll
0x73140000 - 0x7314b000 	C:\Windows\system32\profapi.dll
0x6c4a0000 - 0x6c4b0000 	C:\Windows\system32\NLAapi.dll
0x728d0000 - 0x72914000 	C:\Windows\system32\DNSAPI.dll
0x6c490000 - 0x6c498000 	C:\Windows\System32\winrnr.dll
0x6c480000 - 0x6c490000 	C:\Windows\system32\napinsp.dll
0x6c460000 - 0x6c472000 	C:\Windows\system32\pnrpnsp.dll
0x6c450000 - 0x6c45d000 	C:\Windows\system32\wshbth.dll
0x6c5a0000 - 0x6c5c1000 	C:\Program Files (x86)\Bonjour\mdnsNSP.dll
0x72e70000 - 0x72e8c000 	C:\Windows\system32\Iphlpapi.DLL
0x72e40000 - 0x72e47000 	C:\Windows\system32\WINNSI.DLL
0x755d0000 - 0x755d5000 	C:\Windows\System32\wshtcpip.dll
0x72f60000 - 0x72f66000 	C:\Windows\system32\rasadhlp.dll
0x6c560000 - 0x6c598000 	C:\Windows\System32\fwpuclnt.dll
0x6d840000 - 0x6d848000 	C:\Program Files (x86)\Java\jdk1.6\jre\bin\sunmscapi.dll
0x77600000 - 0x7771c000 	C:\Windows\syswow64\CRYPT32.dll
0x761b0000 - 0x761bc000 	C:\Windows\syswow64\MSASN1.dll

VM Arguments:
jvm_args: -Xms512m -Xmx1024m -XX:PermSize=256m -XX:MaxPermSize=512m -XX:NewSize=128m -Dclassworlds.conf=C:\apache-maven-3.0.4\bin\..\bin\m2.conf -Dmaven.home=C:\apache-maven-3.0.4\bin\.. 
java_command: org.codehaus.plexus.classworlds.launcher.Launcher jetty:run
Launcher Type: SUN_STANDARD

Environment Variables:
JAVA_HOME=C:\Program Files (x86)\Java\jdk1.6
PATH=C:\Users\ashish\Desktop\tool\;C:\Windows\system32;C:\Windows;C:\Windows\System32\Wbem;C:\Windows\System32\WindowsPowerShell\v1.0\;C:\Users\ashish\Desktop\HandBrake-0.9.5-Win_CLI;C:\Users\ashish\Desktop\sed-3.62;C:\Program Files (x86)\GnuWin32\bin;C:\Program Files\TortoiseSVN\bin;C:\Program Files (x86)\Java\jdk1.6\bin;C:\ant\bin;C:\Program Files\SlikSvn\bin\;C:\apache-maven-3.0.4\bin;C:\xampp\php;C:\Program Files (x86)\Git\bin
USERNAME=ashish
OS=Windows_NT
PROCESSOR_IDENTIFIER=Intel64 Family 6 Model 23 Stepping 10, GenuineIntel



---------------  S Y S T E M  ---------------

OS: Windows 7 Build 7600 

CPU:total 2 (2 cores per cpu, 1 threads per core) family 6 model 23 stepping 10, cmov, cx8, fxsr, mmx, sse, sse2, sse3, ssse3, sse4.1

Memory: 4k page, physical 3072948k(339088k free), swap 7058880k(1069256k free)

vm_info: Java HotSpot(TM) Client VM (16.0-b13) for windows-x86 JRE (1.6.0_18-b07), built on Dec 17 2009 13:35:55 by "java_re" with MS VC++ 7.1 (VS2003)

time: Wed Jul 25 22:09:44 2012
elapsed time: 32706 seconds

